<component name="libraryTable">
  <library name="JUnit 4 (local)">
    <CLASSES>
      <root url="jar://$PROJECT_DIR$/_Libs/hamcrest-core-1.3.jar!/" />
      <root url="jar://$PROJECT_DIR$/_Libs/junit-4.12.jar!/" />
    </CLASSES>
    <JAVADOC />
    <SOURCES />
  </library>
</component>